{"C:\\Users\\awrs7\\fpproject2\\makeithappen\\client\\__test__\\helpers.js": {"path":"C:\\Users\\awrs7\\fpproject2\\makeithappen\\client\\__test__\\helpers.js","statementMap":{"0":{"start":{"line":1,"column":13},"end":{"line":1,"column":28}},"1":{"start":{"line":2,"column":14},"end":{"line":2,"column":30}},"2":{"start":{"line":3,"column":18},"end":{"line":3,"column":23}},"3":{"start":{"line":5,"column":18},"end":{"line":19,"column":1}},"4":{"start":{"line":7,"column":19},"end":{"line":7,"column":53}},"5":{"start":{"line":9,"column":14},"end":{"line":12,"column":4}},"6":{"start":{"line":14,"column":2},"end":{"line":18,"column":4}},"7":{"start":{"line":15,"column":4},"end":{"line":17,"column":6}},"8":{"start":{"line":16,"column":6},"end":{"line":16,"column":18}},"9":{"start":{"line":21,"column":0},"end":{"line":21,"column":27}}},"fnMap":{"0":{"name":"(anonymous_0)","decl":{"start":{"line":5,"column":18},"end":{"line":5,"column":19}},"loc":{"start":{"line":5,"column":38},"end":{"line":19,"column":1}},"line":5},"1":{"name":"(anonymous_1)","decl":{"start":{"line":14,"column":21},"end":{"line":14,"column":22}},"loc":{"start":{"line":14,"column":42},"end":{"line":18,"column":3}},"line":14},"2":{"name":"(anonymous_2)","decl":{"start":{"line":15,"column":61},"end":{"line":15,"column":62}},"loc":{"start":{"line":15,"column":67},"end":{"line":17,"column":5}},"line":15}},"branchMap":{},"s":{"0":1,"1":1,"2":1,"3":1,"4":1,"5":1,"6":1,"7":1,"8":1,"9":1},"f":{"0":1,"1":1,"2":1},"b":{},"_coverageSchema":"1a1c01bbd47fc00a2c39e90264f33305004495a9","hash":"5d345dfe30393b8af9820095c6925c0c86e485b8"}
,"C:\\Users\\awrs7\\fpproject2\\makeithappen\\client\\static\\js\\app.js": {"path":"C:\\Users\\awrs7\\fpproject2\\makeithappen\\client\\static\\js\\app.js","statementMap":{"0":{"start":{"line":2,"column":4},"end":{"line":28,"column":5}},"1":{"start":{"line":3,"column":22},"end":{"line":3,"column":51}},"2":{"start":{"line":4,"column":24},"end":{"line":9,"column":9}},"3":{"start":{"line":10,"column":8},"end":{"line":13,"column":32}},"4":{"start":{"line":11,"column":23},"end":{"line":11,"column":31}},"5":{"start":{"line":26,"column":8},"end":{"line":26,"column":28}},"6":{"start":{"line":27,"column":8},"end":{"line":27,"column":26}},"7":{"start":{"line":33,"column":4},"end":{"line":47,"column":5}},"8":{"start":{"line":34,"column":29},"end":{"line":34,"column":62}},"9":{"start":{"line":35,"column":8},"end":{"line":35,"column":33}},"10":{"start":{"line":37,"column":36},"end":{"line":37,"column":68}},"11":{"start":{"line":38,"column":8},"end":{"line":38,"column":53}},"12":{"start":{"line":39,"column":33},"end":{"line":39,"column":60}},"13":{"start":{"line":40,"column":8},"end":{"line":40,"column":60}},"14":{"start":{"line":41,"column":8},"end":{"line":41,"column":81}},"15":{"start":{"line":42,"column":8},"end":{"line":42,"column":57}},"16":{"start":{"line":44,"column":8},"end":{"line":44,"column":50}},"17":{"start":{"line":46,"column":4},"end":{"line":46,"column":31}},"18":{"start":{"line":51,"column":4},"end":{"line":51,"column":55}},"19":{"start":{"line":52,"column":25},"end":{"line":52,"column":58}},"20":{"start":{"line":53,"column":4},"end":{"line":53,"column":32}},"21":{"start":{"line":55,"column":25},"end":{"line":55,"column":54}},"22":{"start":{"line":56,"column":4},"end":{"line":56,"column":40}},"23":{"start":{"line":57,"column":4},"end":{"line":57,"column":50}},"24":{"start":{"line":59,"column":4},"end":{"line":59,"column":42}},"25":{"start":{"line":61,"column":29},"end":{"line":61,"column":58}},"26":{"start":{"line":62,"column":4},"end":{"line":62,"column":56}},"27":{"start":{"line":64,"column":18},"end":{"line":64,"column":48}},"28":{"start":{"line":65,"column":4},"end":{"line":65,"column":34}},"29":{"start":{"line":66,"column":4},"end":{"line":66,"column":28}},"30":{"start":{"line":67,"column":4},"end":{"line":67,"column":97}},"31":{"start":{"line":69,"column":28},"end":{"line":69,"column":56}},"32":{"start":{"line":70,"column":4},"end":{"line":70,"column":50}},"33":{"start":{"line":71,"column":4},"end":{"line":71,"column":48}},"34":{"start":{"line":73,"column":18},"end":{"line":73,"column":47}},"35":{"start":{"line":74,"column":4},"end":{"line":74,"column":29}},"36":{"start":{"line":75,"column":4},"end":{"line":75,"column":55}},"37":{"start":{"line":77,"column":27},"end":{"line":77,"column":56}},"38":{"start":{"line":78,"column":4},"end":{"line":78,"column":41}},"39":{"start":{"line":80,"column":31},"end":{"line":80,"column":93}},"40":{"start":{"line":82,"column":24},"end":{"line":82,"column":53}},"41":{"start":{"line":83,"column":4},"end":{"line":83,"column":42}},"42":{"start":{"line":84,"column":4},"end":{"line":84,"column":52}},"43":{"start":{"line":85,"column":4},"end":{"line":85,"column":71}},"44":{"start":{"line":86,"column":4},"end":{"line":86,"column":70}},"45":{"start":{"line":87,"column":4},"end":{"line":87,"column":50}},"46":{"start":{"line":88,"column":4},"end":{"line":88,"column":52}},"47":{"start":{"line":89,"column":4},"end":{"line":89,"column":54}},"48":{"start":{"line":91,"column":4},"end":{"line":91,"column":43}},"49":{"start":{"line":92,"column":4},"end":{"line":92,"column":39}},"50":{"start":{"line":93,"column":4},"end":{"line":93,"column":49}},"51":{"start":{"line":94,"column":4},"end":{"line":94,"column":39}},"52":{"start":{"line":95,"column":4},"end":{"line":95,"column":48}},"53":{"start":{"line":96,"column":4},"end":{"line":96,"column":46}},"54":{"start":{"line":98,"column":24},"end":{"line":98,"column":53}},"55":{"start":{"line":99,"column":4},"end":{"line":99,"column":44}},"56":{"start":{"line":101,"column":27},"end":{"line":101,"column":55}},"57":{"start":{"line":102,"column":4},"end":{"line":102,"column":49}},"58":{"start":{"line":103,"column":4},"end":{"line":103,"column":50}},"59":{"start":{"line":105,"column":27},"end":{"line":105,"column":59}},"60":{"start":{"line":106,"column":4},"end":{"line":106,"column":59}},"61":{"start":{"line":107,"column":4},"end":{"line":107,"column":49}},"62":{"start":{"line":108,"column":4},"end":{"line":108,"column":61}},"63":{"start":{"line":109,"column":4},"end":{"line":109,"column":92}},"64":{"start":{"line":110,"column":4},"end":{"line":110,"column":57}},"65":{"start":{"line":111,"column":4},"end":{"line":111,"column":89}},"66":{"start":{"line":112,"column":4},"end":{"line":112,"column":46}},"67":{"start":{"line":114,"column":4},"end":{"line":114,"column":46}},"68":{"start":{"line":115,"column":4},"end":{"line":115,"column":43}},"69":{"start":{"line":117,"column":21},"end":{"line":117,"column":50}},"70":{"start":{"line":118,"column":4},"end":{"line":118,"column":58}},"71":{"start":{"line":119,"column":4},"end":{"line":119,"column":54}},"72":{"start":{"line":120,"column":4},"end":{"line":120,"column":68}},"73":{"start":{"line":121,"column":4},"end":{"line":121,"column":65}},"74":{"start":{"line":123,"column":29},"end":{"line":123,"column":58}},"75":{"start":{"line":124,"column":4},"end":{"line":124,"column":71}},"76":{"start":{"line":126,"column":15},"end":{"line":126,"column":43}},"77":{"start":{"line":128,"column":23},"end":{"line":128,"column":51}},"78":{"start":{"line":129,"column":4},"end":{"line":129,"column":64}},"79":{"start":{"line":130,"column":4},"end":{"line":130,"column":54}},"80":{"start":{"line":132,"column":21},"end":{"line":132,"column":49}},"81":{"start":{"line":133,"column":4},"end":{"line":133,"column":59}},"82":{"start":{"line":134,"column":4},"end":{"line":134,"column":50}},"83":{"start":{"line":136,"column":21},"end":{"line":136,"column":49}},"84":{"start":{"line":137,"column":4},"end":{"line":137,"column":76}},"85":{"start":{"line":140,"column":21},"end":{"line":140,"column":51}},"86":{"start":{"line":141,"column":16},"end":{"line":141,"column":26}},"87":{"start":{"line":143,"column":21},"end":{"line":145,"column":59}},"88":{"start":{"line":147,"column":4},"end":{"line":159,"column":5}},"89":{"start":{"line":148,"column":8},"end":{"line":148,"column":27}},"90":{"start":{"line":149,"column":23},"end":{"line":149,"column":51}},"91":{"start":{"line":150,"column":26},"end":{"line":150,"column":57}},"92":{"start":{"line":151,"column":26},"end":{"line":151,"column":58}},"93":{"start":{"line":152,"column":8},"end":{"line":152,"column":50}},"94":{"start":{"line":153,"column":8},"end":{"line":153,"column":42}},"95":{"start":{"line":154,"column":8},"end":{"line":154,"column":49}},"96":{"start":{"line":155,"column":8},"end":{"line":155,"column":80}},"97":{"start":{"line":156,"column":8},"end":{"line":156,"column":37}},"98":{"start":{"line":157,"column":8},"end":{"line":157,"column":37}},"99":{"start":{"line":158,"column":8},"end":{"line":158,"column":30}},"100":{"start":{"line":162,"column":25},"end":{"line":162,"column":57}},"101":{"start":{"line":163,"column":4},"end":{"line":163,"column":37}},"102":{"start":{"line":164,"column":4},"end":{"line":164,"column":48}},"103":{"start":{"line":165,"column":4},"end":{"line":165,"column":41}},"104":{"start":{"line":166,"column":4},"end":{"line":166,"column":55}},"105":{"start":{"line":169,"column":4},"end":{"line":169,"column":30}},"106":{"start":{"line":170,"column":4},"end":{"line":170,"column":28}},"107":{"start":{"line":171,"column":4},"end":{"line":171,"column":28}},"108":{"start":{"line":173,"column":4},"end":{"line":173,"column":36}},"109":{"start":{"line":174,"column":4},"end":{"line":174,"column":46}},"110":{"start":{"line":176,"column":4},"end":{"line":176,"column":42}},"111":{"start":{"line":177,"column":4},"end":{"line":177,"column":37}},"112":{"start":{"line":178,"column":4},"end":{"line":178,"column":41}},"113":{"start":{"line":180,"column":0},"end":{"line":180,"column":14}},"114":{"start":{"line":184,"column":19},"end":{"line":184,"column":27}},"115":{"start":{"line":185,"column":4},"end":{"line":185,"column":39}},"116":{"start":{"line":187,"column":26},"end":{"line":187,"column":57}},"117":{"start":{"line":188,"column":4},"end":{"line":188,"column":48}},"118":{"start":{"line":189,"column":4},"end":{"line":189,"column":40}},"119":{"start":{"line":190,"column":4},"end":{"line":190,"column":66}},"120":{"start":{"line":192,"column":24},"end":{"line":192,"column":55}},"121":{"start":{"line":193,"column":4},"end":{"line":193,"column":46}},"122":{"start":{"line":194,"column":4},"end":{"line":194,"column":38}},"123":{"start":{"line":195,"column":4},"end":{"line":195,"column":62}},"124":{"start":{"line":197,"column":23},"end":{"line":197,"column":79}},"125":{"start":{"line":198,"column":4},"end":{"line":198,"column":89}},"126":{"start":{"line":199,"column":4},"end":{"line":199,"column":41}},"127":{"start":{"line":200,"column":4},"end":{"line":200,"column":41}},"128":{"start":{"line":202,"column":21},"end":{"line":202,"column":75}},"129":{"start":{"line":203,"column":4},"end":{"line":203,"column":85}},"130":{"start":{"line":204,"column":4},"end":{"line":204,"column":37}},"131":{"start":{"line":205,"column":4},"end":{"line":205,"column":37}},"132":{"start":{"line":207,"column":23},"end":{"line":207,"column":55}},"133":{"start":{"line":208,"column":4},"end":{"line":208,"column":35}},"134":{"start":{"line":209,"column":4},"end":{"line":209,"column":50}},"135":{"start":{"line":210,"column":4},"end":{"line":210,"column":61}},"136":{"start":{"line":212,"column":26},"end":{"line":212,"column":78}},"137":{"start":{"line":213,"column":4},"end":{"line":213,"column":41}},"138":{"start":{"line":217,"column":29},"end":{"line":217,"column":37}},"139":{"start":{"line":218,"column":4},"end":{"line":218,"column":49}},"140":{"start":{"line":220,"column":33},"end":{"line":220,"column":81}},"141":{"start":{"line":221,"column":4},"end":{"line":221,"column":50}},"142":{"start":{"line":223,"column":26},"end":{"line":223,"column":87}},"143":{"start":{"line":225,"column":24},"end":{"line":225,"column":83}},"144":{"start":{"line":227,"column":23},"end":{"line":227,"column":79}},"145":{"start":{"line":228,"column":4},"end":{"line":228,"column":63}},"146":{"start":{"line":230,"column":21},"end":{"line":230,"column":75}},"147":{"start":{"line":231,"column":4},"end":{"line":231,"column":57}},"148":{"start":{"line":233,"column":29},"end":{"line":233,"column":92}},"149":{"start":{"line":234,"column":31},"end":{"line":234,"column":91}},"150":{"start":{"line":235,"column":4},"end":{"line":235,"column":78}},"151":{"start":{"line":236,"column":4},"end":{"line":236,"column":77}},"152":{"start":{"line":237,"column":4},"end":{"line":237,"column":61}},"153":{"start":{"line":239,"column":4},"end":{"line":239,"column":16}},"154":{"start":{"line":244,"column":4},"end":{"line":244,"column":22}},"155":{"start":{"line":245,"column":26},"end":{"line":245,"column":82}},"156":{"start":{"line":247,"column":24},"end":{"line":247,"column":78}},"157":{"start":{"line":249,"column":22},"end":{"line":252,"column":5}},"158":{"start":{"line":253,"column":18},"end":{"line":253,"column":47}},"159":{"start":{"line":254,"column":20},"end":{"line":261,"column":5}},"160":{"start":{"line":263,"column":4},"end":{"line":265,"column":28}},"161":{"start":{"line":264,"column":19},"end":{"line":264,"column":27}},"162":{"start":{"line":271,"column":17},"end":{"line":271,"column":78}},"163":{"start":{"line":272,"column":4},"end":{"line":294,"column":5}},"164":{"start":{"line":273,"column":8},"end":{"line":293,"column":9}},"165":{"start":{"line":274,"column":26},"end":{"line":274,"column":55}},"166":{"start":{"line":275,"column":28},"end":{"line":282,"column":13}},"167":{"start":{"line":283,"column":29},"end":{"line":283,"column":105}},"168":{"start":{"line":284,"column":25},"end":{"line":284,"column":46}},"169":{"start":{"line":285,"column":12},"end":{"line":288,"column":13}},"170":{"start":{"line":286,"column":16},"end":{"line":286,"column":39}},"171":{"start":{"line":287,"column":16},"end":{"line":287,"column":25}},"172":{"start":{"line":289,"column":12},"end":{"line":289,"column":50}},"173":{"start":{"line":291,"column":12},"end":{"line":291,"column":32}},"174":{"start":{"line":292,"column":12},"end":{"line":292,"column":30}},"175":{"start":{"line":300,"column":15},"end":{"line":300,"column":30}},"176":{"start":{"line":301,"column":22},"end":{"line":301,"column":51}},"177":{"start":{"line":302,"column":4},"end":{"line":325,"column":5}},"178":{"start":{"line":304,"column":22},"end":{"line":304,"column":51}},"179":{"start":{"line":305,"column":24},"end":{"line":312,"column":9}},"180":{"start":{"line":313,"column":8},"end":{"line":313,"column":28}},"181":{"start":{"line":314,"column":25},"end":{"line":314,"column":101}},"182":{"start":{"line":315,"column":21},"end":{"line":315,"column":42}},"183":{"start":{"line":316,"column":8},"end":{"line":316,"column":25}},"184":{"start":{"line":317,"column":8},"end":{"line":320,"column":9}},"185":{"start":{"line":318,"column":12},"end":{"line":318,"column":35}},"186":{"start":{"line":319,"column":12},"end":{"line":319,"column":21}},"187":{"start":{"line":321,"column":8},"end":{"line":321,"column":46}},"188":{"start":{"line":323,"column":8},"end":{"line":323,"column":28}},"189":{"start":{"line":324,"column":8},"end":{"line":324,"column":26}},"190":{"start":{"line":354,"column":0},"end":{"line":354,"column":116}}},"fnMap":{"0":{"name":"getAllHabits","decl":{"start":{"line":1,"column":9},"end":{"line":1,"column":21}},"loc":{"start":{"line":1,"column":24},"end":{"line":30,"column":1}},"line":1},"1":{"name":"(anonymous_1)","decl":{"start":{"line":11,"column":18},"end":{"line":11,"column":19}},"loc":{"start":{"line":11,"column":23},"end":{"line":11,"column":31}},"line":11},"2":{"name":"appendHabits","decl":{"start":{"line":32,"column":9},"end":{"line":32,"column":21}},"loc":{"start":{"line":32,"column":30},"end":{"line":48,"column":1}},"line":32},"3":{"name":"appendHabit","decl":{"start":{"line":50,"column":9},"end":{"line":50,"column":20}},"loc":{"start":{"line":50,"column":32},"end":{"line":179,"column":1}},"line":50},"4":{"name":"updateHabit","decl":{"start":{"line":183,"column":9},"end":{"line":183,"column":20}},"loc":{"start":{"line":183,"column":24},"end":{"line":214,"column":1}},"line":183},"5":{"name":"submitUpdatedHabits","decl":{"start":{"line":216,"column":9},"end":{"line":216,"column":28}},"loc":{"start":{"line":216,"column":32},"end":{"line":240,"column":1}},"line":216},"6":{"name":"postHabit","decl":{"start":{"line":242,"column":9},"end":{"line":242,"column":18}},"loc":{"start":{"line":242,"column":22},"end":{"line":267,"column":1}},"line":242},"7":{"name":"(anonymous_7)","decl":{"start":{"line":264,"column":14},"end":{"line":264,"column":15}},"loc":{"start":{"line":264,"column":19},"end":{"line":264,"column":27}},"line":264},"8":{"name":"sendDelete","decl":{"start":{"line":269,"column":15},"end":{"line":269,"column":25}},"loc":{"start":{"line":269,"column":30},"end":{"line":296,"column":1}},"line":269},"9":{"name":"sendComplete","decl":{"start":{"line":299,"column":15},"end":{"line":299,"column":27}},"loc":{"start":{"line":299,"column":41},"end":{"line":326,"column":1}},"line":299}},"branchMap":{"0":{"loc":{"start":{"line":33,"column":4},"end":{"line":47,"column":5}},"type":"if","locations":[{"start":{"line":33,"column":4},"end":{"line":47,"column":5}},{"start":{"line":45,"column":11},"end":{"line":47,"column":5}}],"line":33},"1":{"loc":{"start":{"line":143,"column":21},"end":{"line":145,"column":59}},"type":"binary-expr","locations":[{"start":{"line":143,"column":21},"end":{"line":143,"column":61}},{"start":{"line":144,"column":11},"end":{"line":144,"column":53}},{"start":{"line":145,"column":11},"end":{"line":145,"column":59}}],"line":143},"2":{"loc":{"start":{"line":147,"column":4},"end":{"line":159,"column":5}},"type":"if","locations":[{"start":{"line":147,"column":4},"end":{"line":159,"column":5}},{"start":{},"end":{}}],"line":147},"3":{"loc":{"start":{"line":272,"column":4},"end":{"line":294,"column":5}},"type":"if","locations":[{"start":{"line":272,"column":4},"end":{"line":294,"column":5}},{"start":{},"end":{}}],"line":272},"4":{"loc":{"start":{"line":285,"column":12},"end":{"line":288,"column":13}},"type":"if","locations":[{"start":{"line":285,"column":12},"end":{"line":288,"column":13}},{"start":{},"end":{}}],"line":285},"5":{"loc":{"start":{"line":317,"column":8},"end":{"line":320,"column":9}},"type":"if","locations":[{"start":{"line":317,"column":8},"end":{"line":320,"column":9}},{"start":{},"end":{}}],"line":317}},"s":{"0":2,"1":2,"2":2,"3":2,"4":2,"5":0,"6":0,"7":2,"8":1,"9":1,"10":1,"11":1,"12":1,"13":1,"14":1,"15":1,"16":1,"17":1,"18":3,"19":3,"20":3,"21":3,"22":3,"23":3,"24":3,"25":3,"26":3,"27":3,"28":3,"29":3,"30":3,"31":3,"32":3,"33":3,"34":3,"35":3,"36":3,"37":3,"38":3,"39":3,"40":3,"41":3,"42":3,"43":3,"44":3,"45":3,"46":3,"47":3,"48":3,"49":3,"50":3,"51":3,"52":3,"53":3,"54":3,"55":3,"56":3,"57":3,"58":3,"59":3,"60":3,"61":3,"62":3,"63":3,"64":3,"65":3,"66":3,"67":3,"68":3,"69":3,"70":3,"71":3,"72":3,"73":3,"74":3,"75":3,"76":3,"77":3,"78":3,"79":3,"80":3,"81":3,"82":3,"83":3,"84":3,"85":3,"86":3,"87":3,"88":3,"89":3,"90":3,"91":3,"92":3,"93":3,"94":3,"95":3,"96":3,"97":3,"98":3,"99":3,"100":3,"101":3,"102":3,"103":3,"104":3,"105":3,"106":3,"107":3,"108":3,"109":3,"110":3,"111":3,"112":3,"113":1,"114":0,"115":0,"116":0,"117":0,"118":0,"119":0,"120":0,"121":0,"122":0,"123":0,"124":0,"125":0,"126":0,"127":0,"128":0,"129":0,"130":0,"131":0,"132":0,"133":0,"134":0,"135":0,"136":0,"137":0,"138":0,"139":0,"140":0,"141":0,"142":0,"143":0,"144":0,"145":0,"146":0,"147":0,"148":0,"149":0,"150":0,"151":0,"152":0,"153":0,"154":0,"155":0,"156":0,"157":0,"158":0,"159":0,"160":0,"161":0,"162":0,"163":0,"164":0,"165":0,"166":0,"167":0,"168":0,"169":0,"170":0,"171":0,"172":0,"173":0,"174":0,"175":0,"176":0,"177":0,"178":0,"179":0,"180":0,"181":0,"182":0,"183":0,"184":0,"185":0,"186":0,"187":0,"188":0,"189":0,"190":1},"f":{"0":2,"1":2,"2":2,"3":3,"4":0,"5":0,"6":0,"7":0,"8":0,"9":0},"b":{"0":[1,1],"1":[3,0,0],"2":[3,0],"3":[0,0],"4":[0,0],"5":[0,0]},"_coverageSchema":"1a1c01bbd47fc00a2c39e90264f33305004495a9","hash":"94b06a3e1c9888c8a4f46ab6288364498643e54e"}
,"C:\\Users\\awrs7\\fpproject2\\makeithappen\\client\\static\\js\\create.js": {"path":"C:\\Users\\awrs7\\fpproject2\\makeithappen\\client\\static\\js\\create.js","statementMap":{"0":{"start":{"line":2,"column":4},"end":{"line":2,"column":22}},"1":{"start":{"line":4,"column":22},"end":{"line":7,"column":5}},"2":{"start":{"line":8,"column":4},"end":{"line":28,"column":5}},"3":{"start":{"line":9,"column":22},"end":{"line":9,"column":51}},"4":{"start":{"line":10,"column":24},"end":{"line":17,"column":9}},"5":{"start":{"line":18,"column":25},"end":{"line":18,"column":95}},"6":{"start":{"line":19,"column":21},"end":{"line":19,"column":42}},"7":{"start":{"line":20,"column":8},"end":{"line":23,"column":9}},"8":{"start":{"line":21,"column":12},"end":{"line":21,"column":35}},"9":{"start":{"line":22,"column":12},"end":{"line":22,"column":21}},"10":{"start":{"line":24,"column":8},"end":{"line":24,"column":46}},"11":{"start":{"line":26,"column":8},"end":{"line":26,"column":28}},"12":{"start":{"line":27,"column":8},"end":{"line":27,"column":26}},"13":{"start":{"line":31,"column":13},"end":{"line":31,"column":56}},"14":{"start":{"line":32,"column":0},"end":{"line":32,"column":44}},"15":{"start":{"line":34,"column":15},"end":{"line":34,"column":47}},"16":{"start":{"line":35,"column":0},"end":{"line":35,"column":46}},"17":{"start":{"line":38,"column":18},"end":{"line":38,"column":50}},"18":{"start":{"line":39,"column":19},"end":{"line":39,"column":51}},"19":{"start":{"line":41,"column":4},"end":{"line":50,"column":5}},"20":{"start":{"line":42,"column":8},"end":{"line":42,"column":33}},"21":{"start":{"line":43,"column":8},"end":{"line":43,"column":26}},"22":{"start":{"line":44,"column":11},"end":{"line":50,"column":5}},"23":{"start":{"line":45,"column":8},"end":{"line":45,"column":31}},"24":{"start":{"line":46,"column":8},"end":{"line":46,"column":26}},"25":{"start":{"line":48,"column":8},"end":{"line":48,"column":32}},"26":{"start":{"line":49,"column":8},"end":{"line":49,"column":26}},"27":{"start":{"line":53,"column":0},"end":{"line":53,"column":43}}},"fnMap":{"0":{"name":"createHabit","decl":{"start":{"line":1,"column":15},"end":{"line":1,"column":26}},"loc":{"start":{"line":1,"column":30},"end":{"line":29,"column":1}},"line":1},"1":{"name":"updateUnits","decl":{"start":{"line":37,"column":9},"end":{"line":37,"column":20}},"loc":{"start":{"line":37,"column":23},"end":{"line":51,"column":1}},"line":37}},"branchMap":{"0":{"loc":{"start":{"line":20,"column":8},"end":{"line":23,"column":9}},"type":"if","locations":[{"start":{"line":20,"column":8},"end":{"line":23,"column":9}},{"start":{},"end":{}}],"line":20},"1":{"loc":{"start":{"line":41,"column":4},"end":{"line":50,"column":5}},"type":"if","locations":[{"start":{"line":41,"column":4},"end":{"line":50,"column":5}},{"start":{"line":44,"column":11},"end":{"line":50,"column":5}}],"line":41},"2":{"loc":{"start":{"line":41,"column":8},"end":{"line":41,"column":155}},"type":"binary-expr","locations":[{"start":{"line":41,"column":8},"end":{"line":41,"column":32}},{"start":{"line":41,"column":36},"end":{"line":41,"column":61}},{"start":{"line":41,"column":65},"end":{"line":41,"column":94}},{"start":{"line":41,"column":98},"end":{"line":41,"column":125}},{"start":{"line":41,"column":129},"end":{"line":41,"column":155}}],"line":41},"3":{"loc":{"start":{"line":44,"column":11},"end":{"line":50,"column":5}},"type":"if","locations":[{"start":{"line":44,"column":11},"end":{"line":50,"column":5}},{"start":{"line":47,"column":11},"end":{"line":50,"column":5}}],"line":44}},"s":{"0":1,"1":1,"2":1,"3":1,"4":1,"5":1,"6":1,"7":0,"8":0,"9":0,"10":0,"11":1,"12":1,"13":1,"14":1,"15":1,"16":1,"17":0,"18":0,"19":0,"20":0,"21":0,"22":0,"23":0,"24":0,"25":0,"26":0,"27":1},"f":{"0":1,"1":0},"b":{"0":[0,0],"1":[0,0],"2":[0,0,0,0,0],"3":[0,0]},"_coverageSchema":"1a1c01bbd47fc00a2c39e90264f33305004495a9","hash":"b77a4f1ca3c6189063aec18724c406c5da08fda4"}
}
