{"/Users/jakerinahmed/makeithappen/client/__test__/helpers.js": {"path":"/Users/jakerinahmed/makeithappen/client/__test__/helpers.js","statementMap":{"0":{"start":{"line":1,"column":13},"end":{"line":1,"column":28}},"1":{"start":{"line":2,"column":14},"end":{"line":2,"column":30}},"2":{"start":{"line":3,"column":18},"end":{"line":3,"column":23}},"3":{"start":{"line":5,"column":18},"end":{"line":19,"column":1}},"4":{"start":{"line":7,"column":19},"end":{"line":7,"column":53}},"5":{"start":{"line":9,"column":14},"end":{"line":12,"column":4}},"6":{"start":{"line":14,"column":2},"end":{"line":18,"column":4}},"7":{"start":{"line":15,"column":4},"end":{"line":17,"column":6}},"8":{"start":{"line":16,"column":6},"end":{"line":16,"column":18}},"9":{"start":{"line":22,"column":0},"end":{"line":22,"column":27}}},"fnMap":{"0":{"name":"(anonymous_0)","decl":{"start":{"line":5,"column":18},"end":{"line":5,"column":19}},"loc":{"start":{"line":5,"column":38},"end":{"line":19,"column":1}},"line":5},"1":{"name":"(anonymous_1)","decl":{"start":{"line":14,"column":21},"end":{"line":14,"column":22}},"loc":{"start":{"line":14,"column":42},"end":{"line":18,"column":3}},"line":14},"2":{"name":"(anonymous_2)","decl":{"start":{"line":15,"column":61},"end":{"line":15,"column":62}},"loc":{"start":{"line":15,"column":67},"end":{"line":17,"column":5}},"line":15}},"branchMap":{},"s":{"0":1,"1":1,"2":1,"3":1,"4":1,"5":1,"6":1,"7":1,"8":1,"9":1},"f":{"0":1,"1":1,"2":1},"b":{},"_coverageSchema":"1a1c01bbd47fc00a2c39e90264f33305004495a9","hash":"ba481c3d27b12e7e48a8d157e71f66ecc93861d9"}
,"/Users/jakerinahmed/makeithappen/client/static/js/app.js": {"path":"/Users/jakerinahmed/makeithappen/client/static/js/app.js","statementMap":{"0":{"start":{"line":2,"column":4},"end":{"line":18,"column":5}},"1":{"start":{"line":3,"column":22},"end":{"line":3,"column":51}},"2":{"start":{"line":4,"column":24},"end":{"line":9,"column":9}},"3":{"start":{"line":10,"column":8},"end":{"line":13,"column":32}},"4":{"start":{"line":11,"column":23},"end":{"line":11,"column":31}},"5":{"start":{"line":16,"column":8},"end":{"line":16,"column":28}},"6":{"start":{"line":17,"column":8},"end":{"line":17,"column":26}},"7":{"start":{"line":23,"column":4},"end":{"line":39,"column":5}},"8":{"start":{"line":24,"column":29},"end":{"line":24,"column":62}},"9":{"start":{"line":25,"column":8},"end":{"line":25,"column":33}},"10":{"start":{"line":27,"column":36},"end":{"line":27,"column":68}},"11":{"start":{"line":28,"column":8},"end":{"line":28,"column":53}},"12":{"start":{"line":29,"column":33},"end":{"line":29,"column":60}},"13":{"start":{"line":30,"column":8},"end":{"line":30,"column":60}},"14":{"start":{"line":31,"column":8},"end":{"line":31,"column":81}},"15":{"start":{"line":32,"column":8},"end":{"line":32,"column":57}},"16":{"start":{"line":34,"column":8},"end":{"line":34,"column":50}},"17":{"start":{"line":36,"column":8},"end":{"line":36,"column":18}},"18":{"start":{"line":37,"column":8},"end":{"line":37,"column":35}},"19":{"start":{"line":43,"column":16},"end":{"line":43,"column":45}},"20":{"start":{"line":44,"column":4},"end":{"line":44,"column":29}},"21":{"start":{"line":45,"column":25},"end":{"line":45,"column":58}},"22":{"start":{"line":46,"column":4},"end":{"line":46,"column":32}},"23":{"start":{"line":47,"column":19},"end":{"line":47,"column":51}},"24":{"start":{"line":48,"column":4},"end":{"line":48,"column":34}},"25":{"start":{"line":49,"column":17},"end":{"line":49,"column":44}},"26":{"start":{"line":50,"column":4},"end":{"line":50,"column":26}},"27":{"start":{"line":51,"column":4},"end":{"line":51,"column":19}},"28":{"start":{"line":52,"column":17},"end":{"line":52,"column":44}},"29":{"start":{"line":53,"column":4},"end":{"line":53,"column":44}},"30":{"start":{"line":54,"column":4},"end":{"line":54,"column":28}},"31":{"start":{"line":55,"column":4},"end":{"line":55,"column":28}},"32":{"start":{"line":56,"column":4},"end":{"line":56,"column":25}},"33":{"start":{"line":57,"column":4},"end":{"line":57,"column":33}},"34":{"start":{"line":61,"column":4},"end":{"line":61,"column":55}},"35":{"start":{"line":62,"column":25},"end":{"line":62,"column":58}},"36":{"start":{"line":63,"column":4},"end":{"line":63,"column":32}},"37":{"start":{"line":65,"column":25},"end":{"line":65,"column":54}},"38":{"start":{"line":66,"column":4},"end":{"line":66,"column":40}},"39":{"start":{"line":67,"column":4},"end":{"line":67,"column":50}},"40":{"start":{"line":69,"column":4},"end":{"line":69,"column":42}},"41":{"start":{"line":71,"column":29},"end":{"line":71,"column":58}},"42":{"start":{"line":72,"column":4},"end":{"line":72,"column":56}},"43":{"start":{"line":74,"column":18},"end":{"line":74,"column":48}},"44":{"start":{"line":75,"column":4},"end":{"line":75,"column":34}},"45":{"start":{"line":76,"column":4},"end":{"line":76,"column":28}},"46":{"start":{"line":77,"column":4},"end":{"line":77,"column":97}},"47":{"start":{"line":79,"column":28},"end":{"line":79,"column":56}},"48":{"start":{"line":80,"column":4},"end":{"line":80,"column":50}},"49":{"start":{"line":81,"column":4},"end":{"line":81,"column":48}},"50":{"start":{"line":83,"column":18},"end":{"line":83,"column":47}},"51":{"start":{"line":84,"column":4},"end":{"line":84,"column":29}},"52":{"start":{"line":85,"column":4},"end":{"line":85,"column":55}},"53":{"start":{"line":87,"column":27},"end":{"line":87,"column":56}},"54":{"start":{"line":88,"column":4},"end":{"line":88,"column":41}},"55":{"start":{"line":90,"column":29},"end":{"line":90,"column":91}},"56":{"start":{"line":91,"column":4},"end":{"line":93,"column":5}},"57":{"start":{"line":92,"column":8},"end":{"line":92,"column":32}},"58":{"start":{"line":95,"column":24},"end":{"line":95,"column":53}},"59":{"start":{"line":96,"column":4},"end":{"line":96,"column":42}},"60":{"start":{"line":97,"column":4},"end":{"line":97,"column":52}},"61":{"start":{"line":98,"column":4},"end":{"line":98,"column":71}},"62":{"start":{"line":99,"column":4},"end":{"line":99,"column":70}},"63":{"start":{"line":100,"column":4},"end":{"line":100,"column":50}},"64":{"start":{"line":101,"column":4},"end":{"line":101,"column":52}},"65":{"start":{"line":102,"column":4},"end":{"line":102,"column":54}},"66":{"start":{"line":104,"column":4},"end":{"line":104,"column":43}},"67":{"start":{"line":105,"column":4},"end":{"line":105,"column":39}},"68":{"start":{"line":106,"column":4},"end":{"line":106,"column":49}},"69":{"start":{"line":107,"column":4},"end":{"line":107,"column":39}},"70":{"start":{"line":108,"column":4},"end":{"line":108,"column":48}},"71":{"start":{"line":109,"column":4},"end":{"line":109,"column":46}},"72":{"start":{"line":111,"column":24},"end":{"line":111,"column":53}},"73":{"start":{"line":112,"column":4},"end":{"line":112,"column":44}},"74":{"start":{"line":114,"column":27},"end":{"line":114,"column":55}},"75":{"start":{"line":115,"column":4},"end":{"line":115,"column":49}},"76":{"start":{"line":116,"column":4},"end":{"line":116,"column":50}},"77":{"start":{"line":118,"column":27},"end":{"line":118,"column":59}},"78":{"start":{"line":119,"column":4},"end":{"line":119,"column":59}},"79":{"start":{"line":120,"column":4},"end":{"line":120,"column":49}},"80":{"start":{"line":121,"column":4},"end":{"line":121,"column":61}},"81":{"start":{"line":122,"column":4},"end":{"line":122,"column":92}},"82":{"start":{"line":123,"column":4},"end":{"line":123,"column":57}},"83":{"start":{"line":124,"column":4},"end":{"line":124,"column":89}},"84":{"start":{"line":125,"column":4},"end":{"line":125,"column":46}},"85":{"start":{"line":127,"column":4},"end":{"line":127,"column":46}},"86":{"start":{"line":128,"column":4},"end":{"line":128,"column":43}},"87":{"start":{"line":130,"column":21},"end":{"line":130,"column":50}},"88":{"start":{"line":131,"column":4},"end":{"line":131,"column":58}},"89":{"start":{"line":132,"column":4},"end":{"line":132,"column":54}},"90":{"start":{"line":133,"column":4},"end":{"line":133,"column":68}},"91":{"start":{"line":134,"column":4},"end":{"line":134,"column":65}},"92":{"start":{"line":136,"column":29},"end":{"line":136,"column":58}},"93":{"start":{"line":137,"column":4},"end":{"line":137,"column":71}},"94":{"start":{"line":139,"column":15},"end":{"line":139,"column":43}},"95":{"start":{"line":143,"column":4},"end":{"line":151,"column":5}},"96":{"start":{"line":144,"column":8},"end":{"line":144,"column":22}},"97":{"start":{"line":146,"column":11},"end":{"line":151,"column":5}},"98":{"start":{"line":147,"column":8},"end":{"line":147,"column":20}},"99":{"start":{"line":150,"column":8},"end":{"line":150,"column":21}},"100":{"start":{"line":153,"column":23},"end":{"line":153,"column":51}},"101":{"start":{"line":154,"column":4},"end":{"line":154,"column":74}},"102":{"start":{"line":155,"column":4},"end":{"line":155,"column":54}},"103":{"start":{"line":157,"column":21},"end":{"line":157,"column":49}},"104":{"start":{"line":158,"column":4},"end":{"line":158,"column":69}},"105":{"start":{"line":159,"column":4},"end":{"line":159,"column":50}},"106":{"start":{"line":161,"column":28},"end":{"line":161,"column":56}},"107":{"start":{"line":162,"column":4},"end":{"line":162,"column":78}},"108":{"start":{"line":163,"column":4},"end":{"line":163,"column":64}},"109":{"start":{"line":165,"column":24},"end":{"line":165,"column":52}},"110":{"start":{"line":166,"column":4},"end":{"line":166,"column":66}},"111":{"start":{"line":168,"column":25},"end":{"line":168,"column":57}},"112":{"start":{"line":169,"column":4},"end":{"line":169,"column":37}},"113":{"start":{"line":170,"column":4},"end":{"line":170,"column":48}},"114":{"start":{"line":171,"column":4},"end":{"line":171,"column":41}},"115":{"start":{"line":172,"column":4},"end":{"line":172,"column":55}},"116":{"start":{"line":174,"column":21},"end":{"line":174,"column":51}},"117":{"start":{"line":175,"column":16},"end":{"line":175,"column":26}},"118":{"start":{"line":177,"column":21},"end":{"line":179,"column":59}},"119":{"start":{"line":181,"column":4},"end":{"line":205,"column":5}},"120":{"start":{"line":182,"column":23},"end":{"line":182,"column":51}},"121":{"start":{"line":183,"column":26},"end":{"line":183,"column":58}},"122":{"start":{"line":184,"column":8},"end":{"line":184,"column":37}},"123":{"start":{"line":185,"column":8},"end":{"line":185,"column":43}},"124":{"start":{"line":186,"column":8},"end":{"line":186,"column":49}},"125":{"start":{"line":187,"column":8},"end":{"line":187,"column":55}},"126":{"start":{"line":188,"column":8},"end":{"line":188,"column":80}},"127":{"start":{"line":189,"column":8},"end":{"line":192,"column":10}},"128":{"start":{"line":190,"column":12},"end":{"line":190,"column":37}},"129":{"start":{"line":191,"column":12},"end":{"line":191,"column":43}},"130":{"start":{"line":193,"column":8},"end":{"line":193,"column":37}},"131":{"start":{"line":194,"column":8},"end":{"line":194,"column":44}},"132":{"start":{"line":196,"column":23},"end":{"line":196,"column":51}},"133":{"start":{"line":197,"column":26},"end":{"line":197,"column":58}},"134":{"start":{"line":198,"column":8},"end":{"line":198,"column":37}},"135":{"start":{"line":199,"column":8},"end":{"line":199,"column":72}},"136":{"start":{"line":200,"column":8},"end":{"line":200,"column":49}},"137":{"start":{"line":201,"column":8},"end":{"line":201,"column":76}},"138":{"start":{"line":202,"column":8},"end":{"line":202,"column":37}},"139":{"start":{"line":203,"column":8},"end":{"line":203,"column":44}},"140":{"start":{"line":204,"column":8},"end":{"line":204,"column":59}},"141":{"start":{"line":207,"column":4},"end":{"line":207,"column":30}},"142":{"start":{"line":208,"column":4},"end":{"line":208,"column":28}},"143":{"start":{"line":209,"column":4},"end":{"line":209,"column":35}},"144":{"start":{"line":210,"column":4},"end":{"line":210,"column":31}},"145":{"start":{"line":212,"column":4},"end":{"line":212,"column":36}},"146":{"start":{"line":213,"column":4},"end":{"line":213,"column":46}},"147":{"start":{"line":215,"column":4},"end":{"line":215,"column":42}},"148":{"start":{"line":216,"column":4},"end":{"line":216,"column":37}},"149":{"start":{"line":217,"column":4},"end":{"line":217,"column":41}},"150":{"start":{"line":221,"column":0},"end":{"line":221,"column":14}},"151":{"start":{"line":226,"column":19},"end":{"line":226,"column":27}},"152":{"start":{"line":227,"column":4},"end":{"line":227,"column":39}},"153":{"start":{"line":229,"column":26},"end":{"line":229,"column":57}},"154":{"start":{"line":230,"column":4},"end":{"line":230,"column":48}},"155":{"start":{"line":231,"column":4},"end":{"line":231,"column":40}},"156":{"start":{"line":232,"column":4},"end":{"line":232,"column":66}},"157":{"start":{"line":234,"column":24},"end":{"line":234,"column":55}},"158":{"start":{"line":235,"column":4},"end":{"line":235,"column":46}},"159":{"start":{"line":236,"column":4},"end":{"line":236,"column":38}},"160":{"start":{"line":237,"column":4},"end":{"line":237,"column":62}},"161":{"start":{"line":239,"column":23},"end":{"line":239,"column":79}},"162":{"start":{"line":240,"column":4},"end":{"line":240,"column":89}},"163":{"start":{"line":241,"column":4},"end":{"line":241,"column":41}},"164":{"start":{"line":242,"column":4},"end":{"line":242,"column":41}},"165":{"start":{"line":244,"column":21},"end":{"line":244,"column":75}},"166":{"start":{"line":245,"column":4},"end":{"line":245,"column":85}},"167":{"start":{"line":246,"column":4},"end":{"line":246,"column":37}},"168":{"start":{"line":247,"column":4},"end":{"line":247,"column":37}},"169":{"start":{"line":249,"column":23},"end":{"line":249,"column":55}},"170":{"start":{"line":250,"column":4},"end":{"line":250,"column":35}},"171":{"start":{"line":251,"column":4},"end":{"line":251,"column":50}},"172":{"start":{"line":252,"column":4},"end":{"line":252,"column":61}},"173":{"start":{"line":254,"column":26},"end":{"line":254,"column":78}},"174":{"start":{"line":255,"column":4},"end":{"line":255,"column":41}},"175":{"start":{"line":259,"column":29},"end":{"line":259,"column":37}},"176":{"start":{"line":260,"column":4},"end":{"line":260,"column":49}},"177":{"start":{"line":262,"column":33},"end":{"line":262,"column":81}},"178":{"start":{"line":263,"column":4},"end":{"line":263,"column":50}},"179":{"start":{"line":267,"column":4},"end":{"line":275,"column":5}},"180":{"start":{"line":268,"column":8},"end":{"line":268,"column":28}},"181":{"start":{"line":270,"column":11},"end":{"line":275,"column":5}},"182":{"start":{"line":271,"column":8},"end":{"line":271,"column":26}},"183":{"start":{"line":274,"column":8},"end":{"line":274,"column":27}},"184":{"start":{"line":277,"column":26},"end":{"line":277,"column":87}},"185":{"start":{"line":279,"column":24},"end":{"line":279,"column":83}},"186":{"start":{"line":281,"column":23},"end":{"line":281,"column":79}},"187":{"start":{"line":282,"column":4},"end":{"line":282,"column":79}},"188":{"start":{"line":284,"column":21},"end":{"line":284,"column":75}},"189":{"start":{"line":285,"column":4},"end":{"line":285,"column":73}},"190":{"start":{"line":287,"column":29},"end":{"line":287,"column":92}},"191":{"start":{"line":288,"column":4},"end":{"line":290,"column":5}},"192":{"start":{"line":289,"column":8},"end":{"line":289,"column":32}},"193":{"start":{"line":291,"column":31},"end":{"line":291,"column":91}},"194":{"start":{"line":292,"column":4},"end":{"line":292,"column":78}},"195":{"start":{"line":293,"column":4},"end":{"line":293,"column":77}},"196":{"start":{"line":294,"column":4},"end":{"line":294,"column":61}},"197":{"start":{"line":295,"column":4},"end":{"line":298,"column":5}},"198":{"start":{"line":296,"column":28},"end":{"line":296,"column":89}},"199":{"start":{"line":297,"column":8},"end":{"line":297,"column":166}},"200":{"start":{"line":300,"column":4},"end":{"line":300,"column":16}},"201":{"start":{"line":305,"column":4},"end":{"line":305,"column":22}},"202":{"start":{"line":306,"column":26},"end":{"line":306,"column":82}},"203":{"start":{"line":308,"column":24},"end":{"line":308,"column":78}},"204":{"start":{"line":310,"column":22},"end":{"line":313,"column":5}},"205":{"start":{"line":314,"column":18},"end":{"line":314,"column":47}},"206":{"start":{"line":315,"column":20},"end":{"line":322,"column":5}},"207":{"start":{"line":324,"column":4},"end":{"line":326,"column":28}},"208":{"start":{"line":325,"column":19},"end":{"line":325,"column":27}},"209":{"start":{"line":332,"column":17},"end":{"line":332,"column":78}},"210":{"start":{"line":333,"column":4},"end":{"line":355,"column":5}},"211":{"start":{"line":334,"column":8},"end":{"line":354,"column":9}},"212":{"start":{"line":335,"column":26},"end":{"line":335,"column":55}},"213":{"start":{"line":336,"column":28},"end":{"line":343,"column":13}},"214":{"start":{"line":344,"column":29},"end":{"line":344,"column":105}},"215":{"start":{"line":345,"column":25},"end":{"line":345,"column":46}},"216":{"start":{"line":346,"column":12},"end":{"line":349,"column":13}},"217":{"start":{"line":347,"column":16},"end":{"line":347,"column":39}},"218":{"start":{"line":348,"column":16},"end":{"line":348,"column":25}},"219":{"start":{"line":350,"column":12},"end":{"line":350,"column":50}},"220":{"start":{"line":352,"column":12},"end":{"line":352,"column":32}},"221":{"start":{"line":353,"column":12},"end":{"line":353,"column":30}},"222":{"start":{"line":360,"column":15},"end":{"line":360,"column":30}},"223":{"start":{"line":361,"column":22},"end":{"line":361,"column":51}},"224":{"start":{"line":362,"column":22},"end":{"line":362,"column":43}},"225":{"start":{"line":363,"column":4},"end":{"line":386,"column":5}},"226":{"start":{"line":365,"column":22},"end":{"line":365,"column":51}},"227":{"start":{"line":366,"column":24},"end":{"line":373,"column":9}},"228":{"start":{"line":374,"column":8},"end":{"line":374,"column":28}},"229":{"start":{"line":375,"column":25},"end":{"line":375,"column":101}},"230":{"start":{"line":376,"column":21},"end":{"line":376,"column":42}},"231":{"start":{"line":377,"column":8},"end":{"line":377,"column":25}},"232":{"start":{"line":378,"column":8},"end":{"line":381,"column":9}},"233":{"start":{"line":379,"column":12},"end":{"line":379,"column":35}},"234":{"start":{"line":380,"column":12},"end":{"line":380,"column":21}},"235":{"start":{"line":382,"column":8},"end":{"line":382,"column":46}},"236":{"start":{"line":384,"column":8},"end":{"line":384,"column":28}},"237":{"start":{"line":385,"column":8},"end":{"line":385,"column":26}},"238":{"start":{"line":389,"column":0},"end":{"line":389,"column":116}}},"fnMap":{"0":{"name":"getAllHabits","decl":{"start":{"line":1,"column":9},"end":{"line":1,"column":21}},"loc":{"start":{"line":1,"column":24},"end":{"line":20,"column":1}},"line":1},"1":{"name":"(anonymous_1)","decl":{"start":{"line":11,"column":18},"end":{"line":11,"column":19}},"loc":{"start":{"line":11,"column":23},"end":{"line":11,"column":31}},"line":11},"2":{"name":"appendHabits","decl":{"start":{"line":22,"column":9},"end":{"line":22,"column":21}},"loc":{"start":{"line":22,"column":30},"end":{"line":40,"column":1}},"line":22},"3":{"name":"plusSign","decl":{"start":{"line":42,"column":9},"end":{"line":42,"column":17}},"loc":{"start":{"line":42,"column":21},"end":{"line":58,"column":1}},"line":42},"4":{"name":"appendHabit","decl":{"start":{"line":60,"column":9},"end":{"line":60,"column":20}},"loc":{"start":{"line":60,"column":32},"end":{"line":218,"column":1}},"line":60},"5":{"name":"(anonymous_5)","decl":{"start":{"line":189,"column":44},"end":{"line":189,"column":45}},"loc":{"start":{"line":189,"column":50},"end":{"line":192,"column":9}},"line":189},"6":{"name":"updateHabit","decl":{"start":{"line":225,"column":9},"end":{"line":225,"column":20}},"loc":{"start":{"line":225,"column":24},"end":{"line":256,"column":1}},"line":225},"7":{"name":"submitUpdatedHabits","decl":{"start":{"line":258,"column":9},"end":{"line":258,"column":28}},"loc":{"start":{"line":258,"column":32},"end":{"line":301,"column":1}},"line":258},"8":{"name":"postHabit","decl":{"start":{"line":303,"column":9},"end":{"line":303,"column":18}},"loc":{"start":{"line":303,"column":22},"end":{"line":328,"column":1}},"line":303},"9":{"name":"(anonymous_9)","decl":{"start":{"line":325,"column":14},"end":{"line":325,"column":15}},"loc":{"start":{"line":325,"column":19},"end":{"line":325,"column":27}},"line":325},"10":{"name":"sendDelete","decl":{"start":{"line":330,"column":15},"end":{"line":330,"column":25}},"loc":{"start":{"line":330,"column":30},"end":{"line":357,"column":1}},"line":330},"11":{"name":"sendComplete","decl":{"start":{"line":359,"column":15},"end":{"line":359,"column":27}},"loc":{"start":{"line":359,"column":41},"end":{"line":387,"column":1}},"line":359}},"branchMap":{"0":{"loc":{"start":{"line":23,"column":4},"end":{"line":39,"column":5}},"type":"if","locations":[{"start":{"line":23,"column":4},"end":{"line":39,"column":5}},{"start":{"line":35,"column":11},"end":{"line":39,"column":5}}],"line":23},"1":{"loc":{"start":{"line":91,"column":4},"end":{"line":93,"column":5}},"type":"if","locations":[{"start":{"line":91,"column":4},"end":{"line":93,"column":5}},{"start":{},"end":{}}],"line":91},"2":{"loc":{"start":{"line":143,"column":4},"end":{"line":151,"column":5}},"type":"if","locations":[{"start":{"line":143,"column":4},"end":{"line":151,"column":5}},{"start":{"line":146,"column":11},"end":{"line":151,"column":5}}],"line":143},"3":{"loc":{"start":{"line":143,"column":8},"end":{"line":143,"column":164}},"type":"binary-expr","locations":[{"start":{"line":143,"column":8},"end":{"line":143,"column":34}},{"start":{"line":143,"column":38},"end":{"line":143,"column":65}},{"start":{"line":143,"column":69},"end":{"line":143,"column":100}},{"start":{"line":143,"column":104},"end":{"line":143,"column":132}},{"start":{"line":143,"column":136},"end":{"line":143,"column":164}}],"line":143},"4":{"loc":{"start":{"line":146,"column":11},"end":{"line":151,"column":5}},"type":"if","locations":[{"start":{"line":146,"column":11},"end":{"line":151,"column":5}},{"start":{"line":149,"column":11},"end":{"line":151,"column":5}}],"line":146},"5":{"loc":{"start":{"line":177,"column":21},"end":{"line":179,"column":59}},"type":"binary-expr","locations":[{"start":{"line":177,"column":21},"end":{"line":177,"column":61}},{"start":{"line":178,"column":11},"end":{"line":178,"column":53}},{"start":{"line":179,"column":11},"end":{"line":179,"column":59}}],"line":177},"6":{"loc":{"start":{"line":181,"column":4},"end":{"line":205,"column":5}},"type":"if","locations":[{"start":{"line":181,"column":4},"end":{"line":205,"column":5}},{"start":{"line":195,"column":11},"end":{"line":205,"column":5}}],"line":181},"7":{"loc":{"start":{"line":267,"column":4},"end":{"line":275,"column":5}},"type":"if","locations":[{"start":{"line":267,"column":4},"end":{"line":275,"column":5}},{"start":{"line":270,"column":11},"end":{"line":275,"column":5}}],"line":267},"8":{"loc":{"start":{"line":267,"column":8},"end":{"line":267,"column":185}},"type":"binary-expr","locations":[{"start":{"line":267,"column":8},"end":{"line":267,"column":38}},{"start":{"line":267,"column":42},"end":{"line":267,"column":73}},{"start":{"line":267,"column":77},"end":{"line":267,"column":112}},{"start":{"line":267,"column":116},"end":{"line":267,"column":149}},{"start":{"line":267,"column":153},"end":{"line":267,"column":185}}],"line":267},"9":{"loc":{"start":{"line":270,"column":11},"end":{"line":275,"column":5}},"type":"if","locations":[{"start":{"line":270,"column":11},"end":{"line":275,"column":5}},{"start":{"line":273,"column":11},"end":{"line":275,"column":5}}],"line":270},"10":{"loc":{"start":{"line":288,"column":4},"end":{"line":290,"column":5}},"type":"if","locations":[{"start":{"line":288,"column":4},"end":{"line":290,"column":5}},{"start":{},"end":{}}],"line":288},"11":{"loc":{"start":{"line":295,"column":4},"end":{"line":298,"column":5}},"type":"if","locations":[{"start":{"line":295,"column":4},"end":{"line":298,"column":5}},{"start":{},"end":{}}],"line":295},"12":{"loc":{"start":{"line":333,"column":4},"end":{"line":355,"column":5}},"type":"if","locations":[{"start":{"line":333,"column":4},"end":{"line":355,"column":5}},{"start":{},"end":{}}],"line":333},"13":{"loc":{"start":{"line":346,"column":12},"end":{"line":349,"column":13}},"type":"if","locations":[{"start":{"line":346,"column":12},"end":{"line":349,"column":13}},{"start":{},"end":{}}],"line":346},"14":{"loc":{"start":{"line":378,"column":8},"end":{"line":381,"column":9}},"type":"if","locations":[{"start":{"line":378,"column":8},"end":{"line":381,"column":9}},{"start":{},"end":{}}],"line":378}},"s":{"0":3,"1":3,"2":2,"3":2,"4":2,"5":1,"6":1,"7":3,"8":1,"9":1,"10":1,"11":1,"12":1,"13":1,"14":1,"15":1,"16":1,"17":2,"18":1,"19":2,"20":1,"21":1,"22":1,"23":1,"24":1,"25":1,"26":1,"27":1,"28":1,"29":1,"30":1,"31":1,"32":1,"33":1,"34":5,"35":5,"36":5,"37":5,"38":5,"39":5,"40":5,"41":5,"42":5,"43":5,"44":5,"45":5,"46":5,"47":5,"48":5,"49":5,"50":5,"51":5,"52":5,"53":5,"54":5,"55":5,"56":5,"57":0,"58":5,"59":5,"60":5,"61":5,"62":5,"63":5,"64":5,"65":5,"66":5,"67":5,"68":5,"69":5,"70":5,"71":5,"72":5,"73":5,"74":5,"75":5,"76":5,"77":5,"78":5,"79":5,"80":5,"81":5,"82":5,"83":5,"84":5,"85":5,"86":5,"87":5,"88":5,"89":5,"90":5,"91":5,"92":5,"93":5,"94":5,"95":5,"96":2,"97":3,"98":1,"99":2,"100":5,"101":5,"102":5,"103":5,"104":5,"105":5,"106":5,"107":5,"108":5,"109":5,"110":5,"111":5,"112":5,"113":5,"114":5,"115":5,"116":5,"117":5,"118":5,"119":5,"120":5,"121":5,"122":5,"123":5,"124":5,"125":5,"126":5,"127":5,"128":0,"129":0,"130":5,"131":5,"132":0,"133":0,"134":0,"135":0,"136":0,"137":0,"138":0,"139":0,"140":0,"141":5,"142":5,"143":5,"144":5,"145":5,"146":5,"147":5,"148":5,"149":5,"150":2,"151":0,"152":0,"153":0,"154":0,"155":0,"156":0,"157":0,"158":0,"159":0,"160":0,"161":0,"162":0,"163":0,"164":0,"165":0,"166":0,"167":0,"168":0,"169":0,"170":0,"171":0,"172":0,"173":0,"174":0,"175":0,"176":0,"177":0,"178":0,"179":0,"180":0,"181":0,"182":0,"183":0,"184":0,"185":0,"186":0,"187":0,"188":0,"189":0,"190":0,"191":0,"192":0,"193":0,"194":0,"195":0,"196":0,"197":0,"198":0,"199":0,"200":0,"201":1,"202":1,"203":1,"204":1,"205":1,"206":1,"207":1,"208":1,"209":1,"210":1,"211":0,"212":0,"213":0,"214":0,"215":0,"216":0,"217":0,"218":0,"219":0,"220":0,"221":0,"222":0,"223":0,"224":0,"225":0,"226":0,"227":0,"228":0,"229":0,"230":0,"231":0,"232":0,"233":0,"234":0,"235":0,"236":0,"237":0,"238":2},"f":{"0":3,"1":2,"2":3,"3":2,"4":5,"5":0,"6":0,"7":0,"8":1,"9":1,"10":1,"11":0},"b":{"0":[1,2],"1":[0,5],"2":[2,3],"3":[5,3,3,3,3],"4":[1,2],"5":[5,0,0],"6":[5,0],"7":[0,0],"8":[0,0,0,0,0],"9":[0,0],"10":[0,0],"11":[0,0],"12":[0,1],"13":[0,0],"14":[0,0]},"_coverageSchema":"1a1c01bbd47fc00a2c39e90264f33305004495a9","hash":"c8b7b8450f3ee17b70d6fff8d69670dcd41b8190"}
,"/Users/jakerinahmed/makeithappen/client/static/js/create.js": {"path":"/Users/jakerinahmed/makeithappen/client/static/js/create.js","statementMap":{"0":{"start":{"line":2,"column":4},"end":{"line":2,"column":22}},"1":{"start":{"line":4,"column":22},"end":{"line":7,"column":5}},"2":{"start":{"line":8,"column":4},"end":{"line":28,"column":5}},"3":{"start":{"line":9,"column":22},"end":{"line":9,"column":51}},"4":{"start":{"line":10,"column":24},"end":{"line":17,"column":9}},"5":{"start":{"line":18,"column":25},"end":{"line":18,"column":95}},"6":{"start":{"line":19,"column":21},"end":{"line":19,"column":42}},"7":{"start":{"line":20,"column":8},"end":{"line":23,"column":9}},"8":{"start":{"line":21,"column":12},"end":{"line":21,"column":35}},"9":{"start":{"line":22,"column":12},"end":{"line":22,"column":21}},"10":{"start":{"line":24,"column":8},"end":{"line":24,"column":46}},"11":{"start":{"line":26,"column":8},"end":{"line":26,"column":28}},"12":{"start":{"line":27,"column":8},"end":{"line":27,"column":26}},"13":{"start":{"line":31,"column":13},"end":{"line":31,"column":56}},"14":{"start":{"line":32,"column":0},"end":{"line":32,"column":44}},"15":{"start":{"line":34,"column":15},"end":{"line":34,"column":47}},"16":{"start":{"line":35,"column":0},"end":{"line":35,"column":46}},"17":{"start":{"line":38,"column":18},"end":{"line":38,"column":50}},"18":{"start":{"line":39,"column":19},"end":{"line":39,"column":51}},"19":{"start":{"line":41,"column":4},"end":{"line":48,"column":5}},"20":{"start":{"line":42,"column":8},"end":{"line":42,"column":33}},"21":{"start":{"line":43,"column":11},"end":{"line":48,"column":5}},"22":{"start":{"line":44,"column":8},"end":{"line":44,"column":31}},"23":{"start":{"line":47,"column":8},"end":{"line":47,"column":32}},"24":{"start":{"line":51,"column":0},"end":{"line":51,"column":43}}},"fnMap":{"0":{"name":"createHabit","decl":{"start":{"line":1,"column":15},"end":{"line":1,"column":26}},"loc":{"start":{"line":1,"column":30},"end":{"line":29,"column":1}},"line":1},"1":{"name":"updateUnits","decl":{"start":{"line":37,"column":9},"end":{"line":37,"column":20}},"loc":{"start":{"line":37,"column":23},"end":{"line":49,"column":1}},"line":37}},"branchMap":{"0":{"loc":{"start":{"line":20,"column":8},"end":{"line":23,"column":9}},"type":"if","locations":[{"start":{"line":20,"column":8},"end":{"line":23,"column":9}},{"start":{},"end":{}}],"line":20},"1":{"loc":{"start":{"line":41,"column":4},"end":{"line":48,"column":5}},"type":"if","locations":[{"start":{"line":41,"column":4},"end":{"line":48,"column":5}},{"start":{"line":43,"column":11},"end":{"line":48,"column":5}}],"line":41},"2":{"loc":{"start":{"line":41,"column":8},"end":{"line":41,"column":155}},"type":"binary-expr","locations":[{"start":{"line":41,"column":8},"end":{"line":41,"column":32}},{"start":{"line":41,"column":36},"end":{"line":41,"column":61}},{"start":{"line":41,"column":65},"end":{"line":41,"column":94}},{"start":{"line":41,"column":98},"end":{"line":41,"column":125}},{"start":{"line":41,"column":129},"end":{"line":41,"column":155}}],"line":41},"3":{"loc":{"start":{"line":43,"column":11},"end":{"line":48,"column":5}},"type":"if","locations":[{"start":{"line":43,"column":11},"end":{"line":48,"column":5}},{"start":{"line":46,"column":11},"end":{"line":48,"column":5}}],"line":43}},"s":{"0":1,"1":1,"2":1,"3":1,"4":1,"5":1,"6":1,"7":0,"8":0,"9":0,"10":0,"11":1,"12":1,"13":1,"14":1,"15":1,"16":1,"17":3,"18":3,"19":3,"20":1,"21":2,"22":1,"23":1,"24":1},"f":{"0":1,"1":3},"b":{"0":[0,0],"1":[1,2],"2":[3,2,2,2,2],"3":[1,1]},"_coverageSchema":"1a1c01bbd47fc00a2c39e90264f33305004495a9","hash":"ce457f90345b8dba9e44e4be3019b999bd3e13d8"}
,"/Users/jakerinahmed/makeithappen/client/static/js/login.js": {"path":"/Users/jakerinahmed/makeithappen/client/static/js/login.js","statementMap":{"0":{"start":{"line":1,"column":13},"end":{"line":1,"column":43}},"1":{"start":{"line":2,"column":0},"end":{"line":2,"column":45}},"2":{"start":{"line":5,"column":4},"end":{"line":5,"column":25}},"3":{"start":{"line":6,"column":4},"end":{"line":6,"column":23}},"4":{"start":{"line":7,"column":18},"end":{"line":7,"column":62}},"5":{"start":{"line":8,"column":21},"end":{"line":8,"column":68}},"6":{"start":{"line":9,"column":4},"end":{"line":33,"column":5}},"7":{"start":{"line":10,"column":24},"end":{"line":14,"column":9}},"8":{"start":{"line":16,"column":18},"end":{"line":16,"column":93}},"9":{"start":{"line":17,"column":21},"end":{"line":17,"column":35}},"10":{"start":{"line":19,"column":8},"end":{"line":19,"column":71}},"11":{"start":{"line":19,"column":29},"end":{"line":19,"column":69}},"12":{"start":{"line":21,"column":8},"end":{"line":21,"column":26}},"13":{"start":{"line":22,"column":8},"end":{"line":27,"column":9}},"14":{"start":{"line":23,"column":12},"end":{"line":23,"column":43}},"15":{"start":{"line":24,"column":12},"end":{"line":24,"column":50}},"16":{"start":{"line":26,"column":12},"end":{"line":26,"column":39}},"17":{"start":{"line":29,"column":8},"end":{"line":29,"column":26}},"18":{"start":{"line":30,"column":25},"end":{"line":30,"column":62}},"19":{"start":{"line":31,"column":8},"end":{"line":31,"column":76}},"20":{"start":{"line":32,"column":8},"end":{"line":32,"column":75}},"21":{"start":{"line":37,"column":17},"end":{"line":37,"column":34}},"22":{"start":{"line":38,"column":4},"end":{"line":38,"column":41}},"23":{"start":{"line":39,"column":4},"end":{"line":39,"column":45}},"24":{"start":{"line":40,"column":4},"end":{"line":40,"column":50}},"25":{"start":{"line":43,"column":0},"end":{"line":43,"column":38}}},"fnMap":{"0":{"name":"requestLogin","decl":{"start":{"line":4,"column":15},"end":{"line":4,"column":27}},"loc":{"start":{"line":4,"column":30},"end":{"line":34,"column":1}},"line":4},"1":{"name":"login","decl":{"start":{"line":36,"column":9},"end":{"line":36,"column":14}},"loc":{"start":{"line":36,"column":21},"end":{"line":41,"column":1}},"line":36}},"branchMap":{"0":{"loc":{"start":{"line":19,"column":8},"end":{"line":19,"column":71}},"type":"if","locations":[{"start":{"line":19,"column":8},"end":{"line":19,"column":71}},{"start":{},"end":{}}],"line":19},"1":{"loc":{"start":{"line":22,"column":8},"end":{"line":27,"column":9}},"type":"if","locations":[{"start":{"line":22,"column":8},"end":{"line":27,"column":9}},{"start":{"line":25,"column":14},"end":{"line":27,"column":9}}],"line":22}},"s":{"0":1,"1":1,"2":1,"3":1,"4":1,"5":1,"6":1,"7":1,"8":1,"9":1,"10":0,"11":0,"12":0,"13":0,"14":0,"15":0,"16":0,"17":1,"18":1,"19":1,"20":1,"21":0,"22":0,"23":0,"24":0,"25":1},"f":{"0":1,"1":0},"b":{"0":[0,0],"1":[0,0]},"_coverageSchema":"1a1c01bbd47fc00a2c39e90264f33305004495a9","hash":"0405bbf62f6f104174702e086b6d97744073ebc0"}
,"/Users/jakerinahmed/makeithappen/client/static/js/register.js": {"path":"/Users/jakerinahmed/makeithappen/client/static/js/register.js","statementMap":{"0":{"start":{"line":1,"column":13},"end":{"line":1,"column":43}},"1":{"start":{"line":2,"column":0},"end":{"line":2,"column":48}},"2":{"start":{"line":5,"column":4},"end":{"line":5,"column":25}},"3":{"start":{"line":6,"column":4},"end":{"line":6,"column":23}},"4":{"start":{"line":7,"column":18},"end":{"line":7,"column":62}},"5":{"start":{"line":8,"column":21},"end":{"line":8,"column":68}},"6":{"start":{"line":9,"column":4},"end":{"line":30,"column":5}},"7":{"start":{"line":10,"column":24},"end":{"line":14,"column":9}},"8":{"start":{"line":16,"column":18},"end":{"line":16,"column":94}},"9":{"start":{"line":17,"column":21},"end":{"line":17,"column":35}},"10":{"start":{"line":18,"column":8},"end":{"line":18,"column":25}},"11":{"start":{"line":19,"column":8},"end":{"line":19,"column":78}},"12":{"start":{"line":19,"column":29},"end":{"line":19,"column":76}},"13":{"start":{"line":21,"column":8},"end":{"line":21,"column":26}},"14":{"start":{"line":22,"column":8},"end":{"line":27,"column":9}},"15":{"start":{"line":23,"column":12},"end":{"line":23,"column":50}},"16":{"start":{"line":24,"column":12},"end":{"line":24,"column":50}},"17":{"start":{"line":26,"column":12},"end":{"line":26,"column":46}},"18":{"start":{"line":29,"column":8},"end":{"line":29,"column":26}},"19":{"start":{"line":34,"column":17},"end":{"line":34,"column":34}},"20":{"start":{"line":35,"column":4},"end":{"line":35,"column":41}},"21":{"start":{"line":36,"column":4},"end":{"line":36,"column":45}},"22":{"start":{"line":37,"column":4},"end":{"line":37,"column":50}},"23":{"start":{"line":40,"column":0},"end":{"line":40,"column":41}}},"fnMap":{"0":{"name":"requestRegister","decl":{"start":{"line":4,"column":15},"end":{"line":4,"column":30}},"loc":{"start":{"line":4,"column":33},"end":{"line":31,"column":1}},"line":4},"1":{"name":"login","decl":{"start":{"line":33,"column":9},"end":{"line":33,"column":14}},"loc":{"start":{"line":33,"column":21},"end":{"line":38,"column":1}},"line":33}},"branchMap":{"0":{"loc":{"start":{"line":19,"column":8},"end":{"line":19,"column":78}},"type":"if","locations":[{"start":{"line":19,"column":8},"end":{"line":19,"column":78}},{"start":{},"end":{}}],"line":19},"1":{"loc":{"start":{"line":22,"column":8},"end":{"line":27,"column":9}},"type":"if","locations":[{"start":{"line":22,"column":8},"end":{"line":27,"column":9}},{"start":{"line":25,"column":14},"end":{"line":27,"column":9}}],"line":22}},"s":{"0":1,"1":1,"2":1,"3":1,"4":1,"5":1,"6":1,"7":1,"8":1,"9":1,"10":0,"11":0,"12":0,"13":0,"14":0,"15":0,"16":0,"17":0,"18":1,"19":0,"20":0,"21":0,"22":0,"23":1},"f":{"0":1,"1":0},"b":{"0":[0,0],"1":[0,0]},"_coverageSchema":"1a1c01bbd47fc00a2c39e90264f33305004495a9","hash":"fb0abb64d8e9ace4c245417464ee2e832726bfb8"}
}
