TN:
SF:__test__/helpers.js
FN:5,(anonymous_0)
FN:14,(anonymous_1)
FN:15,(anonymous_2)
FNF:3
FNH:3
FNDA:1,(anonymous_0)
FNDA:1,(anonymous_1)
FNDA:1,(anonymous_2)
DA:1,1
DA:2,1
DA:3,1
DA:5,1
DA:7,1
DA:9,1
DA:14,1
DA:15,1
DA:16,1
DA:22,1
LF:10
LH:10
BRF:0
BRH:0
end_of_record
TN:
SF:static/js/app.js
FN:1,getAllHabits
FN:11,(anonymous_1)
FN:22,appendHabits
FN:42,plusSign
FN:60,appendHabit
FN:189,(anonymous_5)
FN:225,updateHabit
FN:258,submitUpdatedHabits
FN:303,postHabit
FN:325,(anonymous_9)
FN:330,sendDelete
FN:359,sendComplete
FNF:12
FNH:8
FNDA:3,getAllHabits
FNDA:2,(anonymous_1)
FNDA:3,appendHabits
FNDA:2,plusSign
FNDA:5,appendHabit
FNDA:0,(anonymous_5)
FNDA:0,updateHabit
FNDA:0,submitUpdatedHabits
FNDA:1,postHabit
FNDA:1,(anonymous_9)
FNDA:1,sendDelete
FNDA:0,sendComplete
DA:2,3
DA:3,3
DA:4,2
DA:10,2
DA:11,2
DA:16,1
DA:17,1
DA:23,3
DA:24,1
DA:25,1
DA:27,1
DA:28,1
DA:29,1
DA:30,1
DA:31,1
DA:32,1
DA:34,1
DA:36,2
DA:37,1
DA:43,2
DA:44,1
DA:45,1
DA:46,1
DA:47,1
DA:48,1
DA:49,1
DA:50,1
DA:51,1
DA:52,1
DA:53,1
DA:54,1
DA:55,1
DA:56,1
DA:57,1
DA:61,5
DA:62,5
DA:63,5
DA:65,5
DA:66,5
DA:67,5
DA:69,5
DA:71,5
DA:72,5
DA:74,5
DA:75,5
DA:76,5
DA:77,5
DA:79,5
DA:80,5
DA:81,5
DA:83,5
DA:84,5
DA:85,5
DA:87,5
DA:88,5
DA:90,5
DA:91,5
DA:92,0
DA:95,5
DA:96,5
DA:97,5
DA:98,5
DA:99,5
DA:100,5
DA:101,5
DA:102,5
DA:104,5
DA:105,5
DA:106,5
DA:107,5
DA:108,5
DA:109,5
DA:111,5
DA:112,5
DA:114,5
DA:115,5
DA:116,5
DA:118,5
DA:119,5
DA:120,5
DA:121,5
DA:122,5
DA:123,5
DA:124,5
DA:125,5
DA:127,5
DA:128,5
DA:130,5
DA:131,5
DA:132,5
DA:133,5
DA:134,5
DA:136,5
DA:137,5
DA:139,5
DA:143,5
DA:144,2
DA:146,3
DA:147,1
DA:150,2
DA:153,5
DA:154,5
DA:155,5
DA:157,5
DA:158,5
DA:159,5
DA:161,5
DA:162,5
DA:163,5
DA:165,5
DA:166,5
DA:168,5
DA:169,5
DA:170,5
DA:171,5
DA:172,5
DA:174,5
DA:175,5
DA:177,5
DA:181,5
DA:182,5
DA:183,5
DA:184,5
DA:185,5
DA:186,5
DA:187,5
DA:188,5
DA:189,5
DA:190,0
DA:191,0
DA:193,5
DA:194,5
DA:196,0
DA:197,0
DA:198,0
DA:199,0
DA:200,0
DA:201,0
DA:202,0
DA:203,0
DA:204,0
DA:207,5
DA:208,5
DA:209,5
DA:210,5
DA:212,5
DA:213,5
DA:215,5
DA:216,5
DA:217,5
DA:221,2
DA:226,0
DA:227,0
DA:229,0
DA:230,0
DA:231,0
DA:232,0
DA:234,0
DA:235,0
DA:236,0
DA:237,0
DA:239,0
DA:240,0
DA:241,0
DA:242,0
DA:244,0
DA:245,0
DA:246,0
DA:247,0
DA:249,0
DA:250,0
DA:251,0
DA:252,0
DA:254,0
DA:255,0
DA:259,0
DA:260,0
DA:262,0
DA:263,0
DA:267,0
DA:268,0
DA:270,0
DA:271,0
DA:274,0
DA:277,0
DA:279,0
DA:281,0
DA:282,0
DA:284,0
DA:285,0
DA:287,0
DA:288,0
DA:289,0
DA:291,0
DA:292,0
DA:293,0
DA:294,0
DA:295,0
DA:296,0
DA:297,0
DA:300,0
DA:305,1
DA:306,1
DA:308,1
DA:310,1
DA:314,1
DA:315,1
DA:324,1
DA:325,1
DA:332,1
DA:333,1
DA:334,0
DA:335,0
DA:336,0
DA:344,0
DA:345,0
DA:346,0
DA:347,0
DA:348,0
DA:350,0
DA:352,0
DA:353,0
DA:360,0
DA:361,0
DA:362,0
DA:363,0
DA:365,0
DA:366,0
DA:374,0
DA:375,0
DA:376,0
DA:377,0
DA:378,0
DA:379,0
DA:380,0
DA:382,0
DA:384,0
DA:385,0
DA:389,2
LF:239
LH:150
BRDA:23,0,0,1
BRDA:23,0,1,2
BRDA:91,1,0,0
BRDA:91,1,1,5
BRDA:143,2,0,2
BRDA:143,2,1,3
BRDA:143,3,0,5
BRDA:143,3,1,3
BRDA:143,3,2,3
BRDA:143,3,3,3
BRDA:143,3,4,3
BRDA:146,4,0,1
BRDA:146,4,1,2
BRDA:177,5,0,5
BRDA:177,5,1,0
BRDA:177,5,2,0
BRDA:181,6,0,5
BRDA:181,6,1,0
BRDA:267,7,0,0
BRDA:267,7,1,0
BRDA:267,8,0,0
BRDA:267,8,1,0
BRDA:267,8,2,0
BRDA:267,8,3,0
BRDA:267,8,4,0
BRDA:270,9,0,0
BRDA:270,9,1,0
BRDA:288,10,0,0
BRDA:288,10,1,0
BRDA:295,11,0,0
BRDA:295,11,1,0
BRDA:333,12,0,0
BRDA:333,12,1,1
BRDA:346,13,0,0
BRDA:346,13,1,0
BRDA:378,14,0,0
BRDA:378,14,1,0
BRF:37
BRH:15
end_of_record
TN:
SF:static/js/create.js
FN:1,createHabit
FN:37,updateUnits
FNF:2
FNH:2
FNDA:1,createHabit
FNDA:3,updateUnits
DA:2,1
DA:4,1
DA:8,1
DA:9,1
DA:10,1
DA:18,1
DA:19,1
DA:20,0
DA:21,0
DA:22,0
DA:24,0
DA:26,1
DA:27,1
DA:31,1
DA:32,1
DA:34,1
DA:35,1
DA:38,3
DA:39,3
DA:41,3
DA:42,1
DA:43,2
DA:44,1
DA:47,1
DA:51,1
LF:25
LH:21
BRDA:20,0,0,0
BRDA:20,0,1,0
BRDA:41,1,0,1
BRDA:41,1,1,2
BRDA:41,2,0,3
BRDA:41,2,1,2
BRDA:41,2,2,2
BRDA:41,2,3,2
BRDA:41,2,4,2
BRDA:43,3,0,1
BRDA:43,3,1,1
BRF:11
BRH:9
end_of_record
TN:
SF:static/js/login.js
FN:4,requestLogin
FN:36,login
FNF:2
FNH:1
FNDA:1,requestLogin
FNDA:0,login
DA:1,1
DA:2,1
DA:5,1
DA:6,1
DA:7,1
DA:8,1
DA:9,1
DA:10,1
DA:16,1
DA:17,1
DA:19,0
DA:21,0
DA:22,0
DA:23,0
DA:24,0
DA:26,0
DA:29,1
DA:30,1
DA:31,1
DA:32,1
DA:37,0
DA:38,0
DA:39,0
DA:40,0
DA:43,1
LF:25
LH:15
BRDA:19,0,0,0
BRDA:19,0,1,0
BRDA:22,1,0,0
BRDA:22,1,1,0
BRF:4
BRH:0
end_of_record
TN:
SF:static/js/register.js
FN:4,requestRegister
FN:33,login
FNF:2
FNH:1
FNDA:1,requestRegister
FNDA:0,login
DA:1,1
DA:2,1
DA:5,1
DA:6,1
DA:7,1
DA:8,1
DA:9,1
DA:10,1
DA:16,1
DA:17,1
DA:18,0
DA:19,0
DA:21,0
DA:22,0
DA:23,0
DA:24,0
DA:26,0
DA:29,1
DA:34,0
DA:35,0
DA:36,0
DA:37,0
DA:40,1
LF:23
LH:12
BRDA:19,0,0,0
BRDA:19,0,1,0
BRDA:22,1,0,0
BRDA:22,1,1,0
BRF:4
BRH:0
end_of_record
