TN:
SF:__test__/helpers.js
FNF:0
FNH:0
LF:0
LH:0
BRF:0
BRH:0
end_of_record
TN:
SF:static/js/app.js
FN:1,getAllHabits
FN:11,(anonymous_1)
FN:22,appendHabits
FN:42,plusSign
FN:60,appendHabit
FN:217,updateHabit
FN:250,submitUpdatedHabits
FN:292,postHabit
FN:314,(anonymous_8)
FN:319,sendDelete
FN:348,sendComplete
FNF:11
FNH:8
FNDA:2,getAllHabits
FNDA:2,(anonymous_1)
FNDA:2,appendHabits
FNDA:1,plusSign
FNDA:5,appendHabit
FNDA:0,updateHabit
FNDA:0,submitUpdatedHabits
FNDA:1,postHabit
FNDA:1,(anonymous_8)
FNDA:1,sendDelete
FNDA:0,sendComplete
DA:2,2
DA:3,2
DA:4,2
DA:10,2
DA:11,2
DA:16,0
DA:17,0
DA:23,2
DA:24,1
DA:25,1
DA:27,1
DA:28,1
DA:29,1
DA:30,1
DA:31,1
DA:32,1
DA:34,1
DA:36,1
DA:37,1
DA:43,1
DA:44,1
DA:45,1
DA:46,1
DA:47,1
DA:48,1
DA:49,1
DA:50,1
DA:51,1
DA:52,1
DA:53,1
DA:54,1
DA:55,1
DA:56,1
DA:57,1
DA:61,5
DA:62,5
DA:63,5
DA:65,5
DA:66,5
DA:67,5
DA:69,5
DA:71,5
DA:72,5
DA:74,5
DA:75,5
DA:76,5
DA:77,5
DA:79,5
DA:80,5
DA:81,5
DA:83,5
DA:84,5
DA:85,5
DA:87,5
DA:88,5
DA:90,5
DA:92,5
DA:93,5
DA:94,5
DA:95,5
DA:96,5
DA:97,5
DA:98,5
DA:99,5
DA:101,5
DA:102,5
DA:103,5
DA:104,5
DA:105,5
DA:106,5
DA:108,5
DA:109,5
DA:111,5
DA:112,5
DA:113,5
DA:115,5
DA:116,5
DA:117,5
DA:118,5
DA:119,5
DA:120,5
DA:121,5
DA:122,5
DA:124,5
DA:125,5
DA:127,5
DA:128,5
DA:129,5
DA:130,5
DA:131,5
DA:133,5
DA:134,5
DA:136,5
DA:140,5
DA:141,2
DA:143,3
DA:144,1
DA:147,2
DA:150,5
DA:151,5
DA:152,5
DA:154,5
DA:155,5
DA:156,5
DA:158,5
DA:159,5
DA:160,5
DA:162,5
DA:163,5
DA:165,5
DA:166,5
DA:167,5
DA:168,5
DA:169,5
DA:171,5
DA:172,5
DA:174,5
DA:178,5
DA:179,5
DA:180,5
DA:181,5
DA:182,5
DA:183,5
DA:184,5
DA:185,5
DA:186,5
DA:187,5
DA:189,0
DA:190,0
DA:191,0
DA:192,0
DA:193,0
DA:194,0
DA:195,0
DA:196,0
DA:197,0
DA:200,5
DA:201,5
DA:202,5
DA:203,5
DA:205,5
DA:206,5
DA:208,5
DA:209,5
DA:210,5
DA:214,1
DA:218,0
DA:219,0
DA:221,0
DA:222,0
DA:223,0
DA:224,0
DA:226,0
DA:227,0
DA:228,0
DA:229,0
DA:231,0
DA:232,0
DA:233,0
DA:234,0
DA:236,0
DA:237,0
DA:238,0
DA:239,0
DA:241,0
DA:242,0
DA:243,0
DA:244,0
DA:246,0
DA:247,0
DA:251,0
DA:252,0
DA:254,0
DA:255,0
DA:259,0
DA:260,0
DA:262,0
DA:263,0
DA:266,0
DA:269,0
DA:271,0
DA:273,0
DA:274,0
DA:276,0
DA:277,0
DA:279,0
DA:280,0
DA:281,0
DA:282,0
DA:283,0
DA:284,0
DA:285,0
DA:286,0
DA:289,0
DA:294,1
DA:295,1
DA:297,1
DA:299,1
DA:303,1
DA:304,1
DA:313,1
DA:314,1
DA:321,1
DA:322,1
DA:323,0
DA:324,0
DA:325,0
DA:333,0
DA:334,0
DA:335,0
DA:336,0
DA:337,0
DA:339,0
DA:341,0
DA:342,0
DA:349,0
DA:350,0
DA:351,0
DA:353,0
DA:354,0
DA:362,0
DA:363,0
DA:364,0
DA:365,0
DA:366,0
DA:367,0
DA:368,0
DA:370,0
DA:372,0
DA:373,0
DA:377,1
LF:231
LH:146
BRDA:23,0,0,1
BRDA:23,0,1,1
BRDA:140,1,0,2
BRDA:140,1,1,3
BRDA:140,2,0,5
BRDA:140,2,1,3
BRDA:140,2,2,3
BRDA:140,2,3,3
BRDA:140,2,4,3
BRDA:143,3,0,1
BRDA:143,3,1,2
BRDA:174,4,0,5
BRDA:174,4,1,0
BRDA:174,4,2,0
BRDA:178,5,0,5
BRDA:178,5,1,0
BRDA:259,6,0,0
BRDA:259,6,1,0
BRDA:259,7,0,0
BRDA:259,7,1,0
BRDA:259,7,2,0
BRDA:259,7,3,0
BRDA:259,7,4,0
BRDA:262,8,0,0
BRDA:262,8,1,0
BRDA:284,9,0,0
BRDA:284,9,1,0
BRDA:322,10,0,0
BRDA:322,10,1,1
BRDA:335,11,0,0
BRDA:335,11,1,0
BRDA:366,12,0,0
BRDA:366,12,1,0
BRF:33
BRH:14
end_of_record
TN:
SF:static/js/create.js
FN:1,createHabit
FN:37,updateUnits
FNF:2
FNH:2
FNDA:1,createHabit
FNDA:3,updateUnits
DA:2,1
DA:4,1
DA:8,1
DA:9,1
DA:10,1
DA:18,1
DA:19,1
DA:20,0
DA:21,0
DA:22,0
DA:24,0
DA:26,1
DA:27,1
DA:31,1
DA:32,1
DA:34,1
DA:35,1
DA:38,3
DA:39,3
DA:41,3
DA:42,1
DA:43,1
DA:44,2
DA:45,1
DA:46,1
DA:48,1
DA:49,1
DA:53,1
LF:28
LH:24
BRDA:20,0,0,0
BRDA:20,0,1,0
BRDA:41,1,0,1
BRDA:41,1,1,2
BRDA:41,2,0,3
BRDA:41,2,1,2
BRDA:41,2,2,2
BRDA:41,2,3,2
BRDA:41,2,4,2
BRDA:44,3,0,1
BRDA:44,3,1,1
BRF:11
BRH:9
end_of_record
TN:
SF:static/js/login.js
FN:4,requestLogin
FN:36,login
FNF:2
FNH:1
FNDA:1,requestLogin
FNDA:0,login
DA:1,1
DA:2,1
DA:5,1
DA:6,1
DA:7,1
DA:8,1
DA:9,1
DA:10,1
DA:16,1
DA:17,1
DA:19,0
DA:21,0
DA:22,0
DA:23,0
DA:24,0
DA:26,0
DA:29,1
DA:30,1
DA:31,1
DA:32,1
DA:37,0
DA:38,0
DA:39,0
DA:40,0
DA:43,1
LF:25
LH:15
BRDA:19,0,0,0
BRDA:19,0,1,0
BRDA:22,1,0,0
BRDA:22,1,1,0
BRF:4
BRH:0
end_of_record
TN:
SF:static/js/register.js
FN:4,requestRegister
FN:33,login
FNF:2
FNH:1
FNDA:1,requestRegister
FNDA:0,login
DA:1,1
DA:2,1
DA:5,1
DA:6,1
DA:7,1
DA:8,1
DA:9,1
DA:10,1
DA:16,1
DA:17,1
DA:18,0
DA:19,0
DA:21,0
DA:22,0
DA:23,0
DA:24,0
DA:26,0
DA:29,1
DA:34,0
DA:35,0
DA:36,0
DA:37,0
DA:40,1
LF:23
LH:12
BRDA:19,0,0,0
BRDA:19,0,1,0
BRDA:22,1,0,0
BRDA:22,1,1,0
BRF:4
BRH:0
end_of_record
